<?xml version="1.0" encoding="UTF-8"?>
<!-- Generated by org.testng.reporters.JUnitReportReporter -->
<testsuite skipped="0" hostname="san3149591" name="com.nagp.testcases.TestCases" tests="4" failures="0" timestamp="26 Mar 2020 16:23:35 GMT" time="112.418" errors="0">
  <testcase name="verifyHomePageTitleTest" time="11.951" classname="com.nagp.testcases.TestCases"/>
  <testcase name="verifyHoverAndClick" time="32.264" classname="com.nagp.testcases.TestCases"/>
  <testcase name="countProductOnPage" time="31.568" classname="com.nagp.testcases.TestCases"/>
  <testcase name="searchProductOnPage" time="36.635" classname="com.nagp.testcases.TestCases"/>
</testsuite> <!-- com.nagp.testcases.TestCases -->
